2025-02-11 01:57:52,718 - root - INFO - Logging is set up.
2025-02-11 01:58:22,481 - root - INFO - Logging is set up.
2025-02-11 01:59:11,153 - root - INFO - Logging is set up.
2025-02-11 01:59:17,317 - root - INFO - Logging is set up.
2025-02-11 01:59:18,578 - root - INFO - Logging is set up.
2025-02-11 01:59:23,687 - root - INFO - Called get_users with skip=0 and limit=100.
2025-02-11 02:03:08,332 - root - INFO - Called create_user with user email='user@example.com' password='securepassword'.
2025-02-11 02:03:08,350 - root - INFO - User user@example.com created.
2025-02-11 02:03:09,642 - root - INFO - Called create_user with user email='user@example.com' password='securepassword'.
2025-02-11 02:03:11,136 - root - INFO - Called create_user with user email='user@example.com' password='securepassword'.
2025-02-11 02:03:32,293 - root - INFO - Called get_users with skip=0 and limit=100.
2025-02-11 02:03:42,812 - root - INFO - Called create_user with user email='uddser@example.com' password='sedcurepassword'.
2025-02-11 02:03:42,836 - root - INFO - User uddser@example.com created.
2025-02-11 02:03:45,975 - root - INFO - Called get_users with skip=0 and limit=100.
2025-02-11 11:05:41,290 - root - INFO - Logging is set up.
2025-02-11 11:07:01,215 - root - INFO - Logging is set up.
2025-02-11 11:11:33,664 - root - INFO - Logging is set up.
2025-02-11 11:12:23,199 - root - INFO - Logging is set up.
2025-02-11 11:12:48,682 - root - INFO - Logging is set up.
2025-02-11 11:13:16,463 - root - INFO - Called get_users with skip=0 and limit=100.
2025-02-11 11:13:25,265 - root - INFO - Called get_users with skip=0 and limit=100.
2025-02-11 11:13:29,604 - root - INFO - Called get_users with skip=0 and limit=100.
2025-02-11 11:13:53,135 - root - INFO - Called get_users with skip=0 and limit=100.
2025-02-11 11:14:52,443 - root - INFO - Called get_users with skip=0 and limit=100.
2025-02-12 11:23:12,414 - root - INFO - Logging is set up.
2025-02-12 11:24:39,578 - root - INFO - Logging is set up.
2025-02-12 11:31:50,681 - root - INFO - Logging is set up.
2025-02-12 11:32:44,135 - root - INFO - Logging is set up.
2025-02-12 11:52:24,586 - root - INFO - Called get_users with skip=0 and limit=100.
2025-02-12 11:59:37,835 - root - INFO - Logging is set up.
2025-02-12 12:00:15,298 - root - INFO - Logging is set up.
2025-02-12 12:01:16,547 - root - INFO - Called create_user with user email='uddser@example.com' password='sedcurepassword'.
2025-02-12 12:01:16,560 - root - INFO - User uddser@example.com created.
2025-02-12 12:01:33,082 - root - INFO - Called get_users with skip=0 and limit=100.
2025-02-12 12:21:59,973 - root - INFO - Logging is set up.
2025-02-12 12:22:45,563 - root - INFO - Logging is set up.
2025-02-12 12:25:22,309 - root - INFO - Called get_users with skip=0 and limit=100.
2025-02-12 12:25:27,275 - root - INFO - Called get_users with skip=0 and limit=100.
2025-02-12 12:25:30,394 - root - INFO - Called get_users with skip=0 and limit=100.
2025-02-12 12:25:41,161 - root - INFO - Called get_users with skip=0 and limit=100.
2025-02-12 12:26:52,873 - root - INFO - Called get_users with skip=0 and limit=100.
